{"name": "Login email id Validation with Multiple Parameters -- @1.2 ", "status": "broken", "statusDetails": {"message": "selenium.common.exceptions.NoSuchElementException: Message: no such element: Unable to locate element: {\"method\":\"css selector\",\"selector\":\"[id=\"//span[contains(text(),'Continue')]\"]\"}\n  (Session info: chrome=112.0.5615.50)\nStacktrace:\nBacktrace:\n\tGetHandleVerifier [0x00C5DCE3+50899]\n\t(No symbol) [0x00BEE111]\n\t(No symbol) [0x00AF5588]\n\t(No symbol) [0x00B208F9]\n\t(No symbol) [0x00B20AFB]\n\t(No symbol) [0x00B4F902]\n\t(No symbol) [0x00B3B944]\n\t(No symbol) [0x00B4E01C]\n\t(No symbol) [0x00B3B6F6]\n\t(No symbol) [0x00B17708]\n\t(No symbol) [0x00B1886D]\n\tGetHandleVerifier [0x00EC3EAE+2566302]\n\tGetHandleVerifier [0x00EF92B1+2784417]\n\tGetHandleVerifier [0x00EF327C+2759788]\n\tGetHandleVerifier [0x00CF5740+672048]\n\t(No symbol) [0x00BF8872]\n\t(No symbol) [0x00BF41C8]\n\t(No symbol) [0x00BF42AB]\n\t(No symbol) [0x00BE71B7]\n\tBaseThreadInitThunk [0x752DFEF9+25]\n\tRtlGetAppContainerNamedObjectPath [0x76FA7BBE+286]\n\tRtlGetAppContainerNamedObjectPath [0x76FA7B8E+238]\n\n", "trace": "  File \"C:\\Users\\ADMIN\\AppData\\Local\\Programs\\Python\\Python39\\lib\\site-packages\\behave\\model.py\", line 1329, in run\n    match.run(runner.context)\n  File \"C:\\Users\\ADMIN\\AppData\\Local\\Programs\\Python\\Python39\\lib\\site-packages\\behave\\matchers.py\", line 98, in run\n    self.func(context, *args, **kwargs)\n  File \"features\\steps\\atlassianemaillogintest.py\", line 18, in inputEmail\n    context.driver.find_element(By.ID,\"//span[contains(text(),'Continue')]\").click()\n  File \"C:\\Users\\ADMIN\\AppData\\Local\\Programs\\Python\\Python39\\lib\\site-packages\\selenium\\webdriver\\remote\\webdriver.py\", line 861, in find_element\n    return self.execute(Command.FIND_ELEMENT, {\"using\": by, \"value\": value})[\"value\"]\n  File \"C:\\Users\\ADMIN\\AppData\\Local\\Programs\\Python\\Python39\\lib\\site-packages\\selenium\\webdriver\\remote\\webdriver.py\", line 444, in execute\n    self.error_handler.check_response(response)\n  File \"C:\\Users\\ADMIN\\AppData\\Local\\Programs\\Python\\Python39\\lib\\site-packages\\selenium\\webdriver\\remote\\errorhandler.py\", line 249, in check_response\n    raise exception_class(message, screen, stacktrace)\n"}, "steps": [{"name": "Given launch chrome browser for login test", "status": "passed", "start": 1681279076348, "stop": 1681279077885}, {"name": "When open Atlassian Login Screen for login test", "status": "passed", "start": 1681279077885, "stop": 1681279083604}, {"name": "And Enter Email \"akash@gmail.com\" validation", "status": "broken", "statusDetails": {"message": "selenium.common.exceptions.NoSuchElementException: Message: no such element: Unable to locate element: {\"method\":\"css selector\",\"selector\":\"[id=\"//span[contains(text(),'Continue')]\"]\"}\n  (Session info: chrome=112.0.5615.50)\nStacktrace:\nBacktrace:\n\tGetHandleVerifier [0x00C5DCE3+50899]\n\t(No symbol) [0x00BEE111]\n\t(No symbol) [0x00AF5588]\n\t(No symbol) [0x00B208F9]\n\t(No symbol) [0x00B20AFB]\n\t(No symbol) [0x00B4F902]\n\t(No symbol) [0x00B3B944]\n\t(No symbol) [0x00B4E01C]\n\t(No symbol) [0x00B3B6F6]\n\t(No symbol) [0x00B17708]\n\t(No symbol) [0x00B1886D]\n\tGetHandleVerifier [0x00EC3EAE+2566302]\n\tGetHandleVerifier [0x00EF92B1+2784417]\n\tGetHandleVerifier [0x00EF327C+2759788]\n\tGetHandleVerifier [0x00CF5740+672048]\n\t(No symbol) [0x00BF8872]\n\t(No symbol) [0x00BF41C8]\n\t(No symbol) [0x00BF42AB]\n\t(No symbol) [0x00BE71B7]\n\tBaseThreadInitThunk [0x752DFEF9+25]\n\tRtlGetAppContainerNamedObjectPath [0x76FA7BBE+286]\n\tRtlGetAppContainerNamedObjectPath [0x76FA7B8E+238]\n\n", "trace": "  File \"C:\\Users\\ADMIN\\AppData\\Local\\Programs\\Python\\Python39\\lib\\site-packages\\behave\\model.py\", line 1329, in run\n    match.run(runner.context)\n  File \"C:\\Users\\ADMIN\\AppData\\Local\\Programs\\Python\\Python39\\lib\\site-packages\\behave\\matchers.py\", line 98, in run\n    self.func(context, *args, **kwargs)\n  File \"features\\steps\\atlassianemaillogintest.py\", line 18, in inputEmail\n    context.driver.find_element(By.ID,\"//span[contains(text(),'Continue')]\").click()\n  File \"C:\\Users\\ADMIN\\AppData\\Local\\Programs\\Python\\Python39\\lib\\site-packages\\selenium\\webdriver\\remote\\webdriver.py\", line 861, in find_element\n    return self.execute(Command.FIND_ELEMENT, {\"using\": by, \"value\": value})[\"value\"]\n  File \"C:\\Users\\ADMIN\\AppData\\Local\\Programs\\Python\\Python39\\lib\\site-packages\\selenium\\webdriver\\remote\\webdriver.py\", line 444, in execute\n    self.error_handler.check_response(response)\n  File \"C:\\Users\\ADMIN\\AppData\\Local\\Programs\\Python\\Python39\\lib\\site-packages\\selenium\\webdriver\\remote\\errorhandler.py\", line 249, in check_response\n    raise exception_class(message, screen, stacktrace)\n"}, "start": 1681279083605, "stop": 1681279083801}, {"name": "Then verify email valid for login", "status": "skipped", "start": 1681279083802, "stop": 1681279083802}], "parameters": [{"name": "email", "value": "akash@gmail.com"}], "start": 1681279076348, "stop": 1681279083802, "uuid": "18914fed-b294-485a-b5aa-882c1f409107", "historyId": "00c17011ed9db875052e1d8824366b92", "fullName": "Atlassian Login Test Check Eamil Valdidation: Login email id Validation with Multiple Parameters", "labels": [{"name": "severity", "value": "normal"}, {"name": "feature", "value": "Atlassian Login Test Check Eamil Valdidation"}, {"name": "framework", "value": "behave"}, {"name": "language", "value": "cpython3"}]}